2020-06-09 21:22:24,723 [INFO] Activator:176 - 


2020-06-09 21:22:24,733 [INFO] Activator:177 - !SESSION log4j initialized
2020-06-09 21:22:27,607 [INFO] ApplicationProperties:181 - Using Application install path: C:\ST\STM32CubeIDE_1.3.0\STM32CubeIDE\plugins\com.st.stm32cube.common.mx_5.6.1.202004052303
2020-06-09 21:22:27,623 [INFO] DbMcusXml:72 - Set database path to: C:\ST\STM32CubeIDE_1.3.0\STM32CubeIDE\plugins\com.st.stm32cube.common.mx_5.6.1.202004052303\\db\/mcu/
2020-06-09 21:22:27,623 [INFO] DbBoardsPdsc:54 - Set plugin database path to: C:\ST\STM32CubeIDE_1.3.0\STM32CubeIDE\plugins\com.st.stm32cube.common.mx_5.6.1.202004052303\\db\/plugins/boardmanager/
2020-06-09 21:22:27,623 [INFO] DbMcus:235 - Set plugin images path to: C:\ST\STM32CubeIDE_1.3.0\STM32CubeIDE\plugins\com.st.stm32cube.common.mx_5.6.1.202004052303\\db\/plugins/mcufinder/images/
2020-06-09 21:22:27,623 [INFO] DbBoards:232 - Set plugin images path to: C:\ST\STM32CubeIDE_1.3.0\STM32CubeIDE\plugins\com.st.stm32cube.common.mx_5.6.1.202004052303\\db\/plugins/mcufinder/images/
2020-06-09 21:22:27,638 [INFO] DbMcusAds:85 - Set database path to: C:\Users\bouyo\.stmcufinder\plugins\mcufinder//mcu/
2020-06-09 21:22:27,638 [INFO] DbMcusDocs:108 - Set database path to: C:\Users\bouyo\.stmcufinder\plugins\mcufinder//mcu/
2020-06-09 21:22:27,638 [INFO] DbMcusJson:61 - Set database path to: C:\Users\bouyo\.stmcufinder\plugins\mcufinder//mcu/
2020-06-09 21:22:27,638 [INFO] DbBoardsDocs:97 - Set database path to: C:\Users\bouyo\.stmcufinder\plugins\mcufinder//mcu/
2020-06-09 21:22:27,638 [INFO] DbBoardsJson:51 - Set database path to: C:\Users\bouyo\.stmcufinder\plugins\mcufinder//mcu/
2020-06-09 21:22:27,692 [INFO] CrossReferenceDbSqlite:197 - Set database path to: C:\Users\bouyo\.stmcufinder\plugins\mcufinder//mcu/cs/
2020-06-09 21:22:27,792 [INFO] RulesReader:52 - Compatibility file has been processed (208 Rules)
2020-06-09 21:22:27,876 [INFO] MicroXplorer:570 - Detected Java Version = 1.8.0_242
2020-06-09 21:22:27,876 [INFO] DbMcusXml:72 - Set database path to: C:\ST\STM32CubeIDE_1.3.0\STM32CubeIDE\plugins\com.st.stm32cube.common.mx_5.6.1.202004052303\\db\/mcu/
2020-06-09 21:22:27,876 [INFO] DbBoardsPdsc:54 - Set plugin database path to: C:\ST\STM32CubeIDE_1.3.0\STM32CubeIDE\plugins\com.st.stm32cube.common.mx_5.6.1.202004052303\\db\/plugins/boardmanager/
2020-06-09 21:22:27,876 [INFO] DbMcus:235 - Set plugin images path to: C:\ST\STM32CubeIDE_1.3.0\STM32CubeIDE\plugins\com.st.stm32cube.common.mx_5.6.1.202004052303\\db\/plugins/mcufinder/images/
2020-06-09 21:22:27,876 [INFO] DbBoards:232 - Set plugin images path to: C:\ST\STM32CubeIDE_1.3.0\STM32CubeIDE\plugins\com.st.stm32cube.common.mx_5.6.1.202004052303\\db\/plugins/mcufinder/images/
2020-06-09 21:22:27,876 [WARN] DbFile:36 - Overriding database path with different value: C:\Users\bouyo\.stmcufinder\plugins\mcufinder/ => C:\Users\bouyo\.stmcufinder\plugins\mcufinder
2020-06-09 21:22:27,876 [INFO] DbMcusAds:85 - Set database path to: C:\Users\bouyo\.stmcufinder\plugins\mcufinder//mcu/
2020-06-09 21:22:27,876 [WARN] DbFile:36 - Overriding database path with different value: C:\Users\bouyo\.stmcufinder\plugins\mcufinder/ => C:\Users\bouyo\.stmcufinder\plugins\mcufinder
2020-06-09 21:22:27,876 [INFO] DbMcusDocs:108 - Set database path to: C:\Users\bouyo\.stmcufinder\plugins\mcufinder//mcu/
2020-06-09 21:22:27,876 [WARN] DbFile:36 - Overriding database path with different value: C:\Users\bouyo\.stmcufinder\plugins\mcufinder/ => C:\Users\bouyo\.stmcufinder\plugins\mcufinder
2020-06-09 21:22:27,876 [INFO] DbMcusJson:61 - Set database path to: C:\Users\bouyo\.stmcufinder\plugins\mcufinder//mcu/
2020-06-09 21:22:27,876 [WARN] DbFile:36 - Overriding database path with different value: C:\Users\bouyo\.stmcufinder\plugins\mcufinder/ => C:\Users\bouyo\.stmcufinder\plugins\mcufinder
2020-06-09 21:22:27,876 [INFO] DbBoardsDocs:97 - Set database path to: C:\Users\bouyo\.stmcufinder\plugins\mcufinder//mcu/
2020-06-09 21:22:27,876 [WARN] DbFile:36 - Overriding database path with different value: C:\Users\bouyo\.stmcufinder\plugins\mcufinder/ => C:\Users\bouyo\.stmcufinder\plugins\mcufinder
2020-06-09 21:22:27,876 [INFO] DbBoardsJson:51 - Set database path to: C:\Users\bouyo\.stmcufinder\plugins\mcufinder//mcu/
2020-06-09 21:22:27,876 [WARN] DbFile:36 - Overriding database path with different value: C:\Users\bouyo\.stmcufinder\plugins\mcufinder/ => C:\Users\bouyo\.stmcufinder\plugins\mcufinder
2020-06-09 21:22:27,876 [WARN] DbFile:36 - Overriding database path with different value: C:\Users\bouyo\.stmcufinder\plugins\mcufinder/ => C:\Users\bouyo\.stmcufinder\plugins\mcufinder
2020-06-09 21:22:27,876 [INFO] CrossReferenceDbSqlite:197 - Set database path to: C:\Users\bouyo\.stmcufinder\plugins\mcufinder//mcu/cs/
2020-06-09 21:22:27,923 [INFO] MainPanel:181 - HeapMemory: 268435456
2020-06-09 21:22:27,976 [INFO] DbMcusXml:72 - Set database path to: C:\ST\STM32CubeIDE_1.3.0\STM32CubeIDE\plugins\com.st.stm32cube.common.mx_5.6.1.202004052303\\db\/mcu/
2020-06-09 21:22:27,976 [INFO] DbBoardsPdsc:54 - Set plugin database path to: C:\ST\STM32CubeIDE_1.3.0\STM32CubeIDE\plugins\com.st.stm32cube.common.mx_5.6.1.202004052303\\db\/plugins/boardmanager/
2020-06-09 21:22:27,976 [INFO] DbMcus:235 - Set plugin images path to: C:\ST\STM32CubeIDE_1.3.0\STM32CubeIDE\plugins\com.st.stm32cube.common.mx_5.6.1.202004052303\\db\/plugins/mcufinder/images/
2020-06-09 21:22:27,976 [INFO] DbBoards:232 - Set plugin images path to: C:\ST\STM32CubeIDE_1.3.0\STM32CubeIDE\plugins\com.st.stm32cube.common.mx_5.6.1.202004052303\\db\/plugins/mcufinder/images/
2020-06-09 21:22:27,976 [WARN] DbFile:36 - Overriding database path with different value: C:\Users\bouyo\.stmcufinder\plugins\mcufinder/ => C:\Users\bouyo\.stmcufinder\plugins\mcufinder
2020-06-09 21:22:27,976 [INFO] DbMcusAds:85 - Set database path to: C:\Users\bouyo\.stmcufinder\plugins\mcufinder//mcu/
2020-06-09 21:22:27,976 [WARN] DbFile:36 - Overriding database path with different value: C:\Users\bouyo\.stmcufinder\plugins\mcufinder/ => C:\Users\bouyo\.stmcufinder\plugins\mcufinder
2020-06-09 21:22:27,976 [INFO] DbMcusDocs:108 - Set database path to: C:\Users\bouyo\.stmcufinder\plugins\mcufinder//mcu/
2020-06-09 21:22:27,976 [WARN] DbFile:36 - Overriding database path with different value: C:\Users\bouyo\.stmcufinder\plugins\mcufinder/ => C:\Users\bouyo\.stmcufinder\plugins\mcufinder
2020-06-09 21:22:27,976 [INFO] DbMcusJson:61 - Set database path to: C:\Users\bouyo\.stmcufinder\plugins\mcufinder//mcu/
2020-06-09 21:22:27,976 [WARN] DbFile:36 - Overriding database path with different value: C:\Users\bouyo\.stmcufinder\plugins\mcufinder/ => C:\Users\bouyo\.stmcufinder\plugins\mcufinder
2020-06-09 21:22:27,976 [INFO] DbBoardsDocs:97 - Set database path to: C:\Users\bouyo\.stmcufinder\plugins\mcufinder//mcu/
2020-06-09 21:22:27,976 [WARN] DbFile:36 - Overriding database path with different value: C:\Users\bouyo\.stmcufinder\plugins\mcufinder/ => C:\Users\bouyo\.stmcufinder\plugins\mcufinder
2020-06-09 21:22:27,976 [INFO] DbBoardsJson:51 - Set database path to: C:\Users\bouyo\.stmcufinder\plugins\mcufinder//mcu/
2020-06-09 21:22:27,976 [WARN] DbFile:36 - Overriding database path with different value: C:\Users\bouyo\.stmcufinder\plugins\mcufinder/ => C:\Users\bouyo\.stmcufinder\plugins\mcufinder
2020-06-09 21:22:27,976 [WARN] DbFile:36 - Overriding database path with different value: C:\Users\bouyo\.stmcufinder\plugins\mcufinder/ => C:\Users\bouyo\.stmcufinder\plugins\mcufinder
2020-06-09 21:22:27,976 [INFO] CrossReferenceDbSqlite:197 - Set database path to: C:\Users\bouyo\.stmcufinder\plugins\mcufinder//mcu/cs/
2020-06-09 21:22:27,992 [INFO] ApplicationProperties:181 - Using Application install path: C:\ST\STM32CubeIDE_1.3.0\STM32CubeIDE\plugins\com.st.stm32cube.common.mx_5.6.1.202004052303
2020-06-09 21:22:27,992 [INFO] PluginManage:178 - Search for loadable plugins [exclusion list=, tutovideos]
2020-06-09 21:22:27,992 [INFO] PluginManage:292 - Check plugin analytics
2020-06-09 21:22:27,992 [INFO] PluginManage:342 - Loaded plugin analytics (category:tool,tabindex:-1)
2020-06-09 21:22:27,992 [INFO] PluginManage:292 - Check plugin clock
2020-06-09 21:22:28,008 [INFO] PluginManage:342 - Loaded plugin clock (category:base,tabindex:2)
2020-06-09 21:22:28,008 [INFO] PluginManage:292 - Check plugin ddr
2020-06-09 21:22:28,008 [INFO] PluginManage:342 - Loaded plugin ddr (category:tool,tabindex:6)
2020-06-09 21:22:28,008 [INFO] PluginManage:292 - Check plugin filemanager
2020-06-09 21:22:28,077 [INFO] PluginManage:342 - Loaded plugin filemanager (category:base,tabindex:10)
2020-06-09 21:22:28,077 [INFO] PluginManage:292 - Check plugin ipmanager
2020-06-09 21:22:28,092 [INFO] PluginManage:342 - Loaded plugin ipmanager (category:base,tabindex:5)
2020-06-09 21:22:28,092 [INFO] PluginManage:292 - Check plugin pinoutandconfiguration
2020-06-09 21:22:28,092 [INFO] PluginManage:342 - Loaded plugin pinoutandconfiguration (category:base,tabindex:1)
2020-06-09 21:22:28,092 [INFO] PluginManage:292 - Check plugin pinoutconfig
2020-06-09 21:22:28,123 [INFO] PluginManage:342 - Loaded plugin pinoutconfig (category:base,tabindex:0)
2020-06-09 21:22:28,123 [INFO] PluginManage:292 - Check plugin power
2020-06-09 21:22:28,123 [INFO] PluginManage:342 - Loaded plugin power (category:power,tabindex:4)
2020-06-09 21:22:28,123 [INFO] PluginManage:292 - Check plugin projectmanager
2020-06-09 21:22:28,139 [INFO] PluginManage:342 - Loaded plugin projectmanager (category:projectmanager,tabindex:3)
2020-06-09 21:22:28,139 [INFO] PluginManage:292 - Check plugin thirdparty
2020-06-09 21:22:28,177 [INFO] ThirdPartyDb:295 - Open Third Party DataBase File (C:/Users/bouyo/.stm32cubemx/plugins/thirdparty/db/thirdparties_db.xml) : 22 ms. number of Sw pack : 13
2020-06-09 21:22:28,193 [INFO] PluginManage:342 - Loaded plugin thirdparty (category:base,tabindex:-1)
2020-06-09 21:22:28,193 [INFO] PluginManage:292 - Check plugin tools
2020-06-09 21:22:28,193 [INFO] PluginManage:342 - Loaded plugin tools (category:base,tabindex:7)
2020-06-09 21:22:28,193 [INFO] PluginManage:292 - Check plugin tutovideos
2020-06-09 21:22:28,193 [INFO] PluginManage:347 - Ignore plugin tutovideos (category:base)
2020-06-09 21:22:28,193 [INFO] PluginManage:292 - Check plugin updater
2020-06-09 21:22:28,208 [INFO] PluginManage:342 - Loaded plugin updater (category:base,tabindex:12)
2020-06-09 21:22:28,208 [INFO] PluginManage:265 - PluginManage : Loaded plugins [12]
2020-06-09 21:22:28,324 [INFO] PinOutPanel:1420 - setPackage(No Configuration,No Configuration)
2020-06-09 21:22:28,377 [INFO] IPUIPlugin:65 - create IPUIPlugin
2020-06-09 21:22:28,377 [INFO] PluginManager:200 - loadIPPluginJar : add adc
2020-06-09 21:22:28,377 [INFO] IPUIPlugin:65 - create IPUIPlugin
2020-06-09 21:22:28,377 [INFO] PluginManager:200 - loadIPPluginJar : add aes
2020-06-09 21:22:28,393 [INFO] IPUIPlugin:65 - create IPUIPlugin
2020-06-09 21:22:28,393 [INFO] PluginManager:200 - loadIPPluginJar : add can
2020-06-09 21:22:28,393 [INFO] IPUIPlugin:65 - create IPUIPlugin
2020-06-09 21:22:28,393 [INFO] PluginManager:200 - loadIPPluginJar : add comp
2020-06-09 21:22:28,393 [INFO] IPUIPlugin:65 - create IPUIPlugin
2020-06-09 21:22:28,393 [INFO] PluginManager:200 - loadIPPluginJar : add cryp
2020-06-09 21:22:28,393 [INFO] IPUIPlugin:65 - create IPUIPlugin
2020-06-09 21:22:28,393 [INFO] PluginManager:200 - loadIPPluginJar : add dfsdm
2020-06-09 21:22:28,393 [INFO] IPUIPlugin:65 - create IPUIPlugin
2020-06-09 21:22:28,393 [INFO] PluginManager:200 - loadIPPluginJar : add dma
2020-06-09 21:22:28,393 [INFO] IPUIPlugin:65 - create IPUIPlugin
2020-06-09 21:22:28,393 [INFO] PluginManager:200 - loadIPPluginJar : add fatfs
2020-06-09 21:22:28,393 [INFO] IPUIPlugin:65 - create IPUIPlugin
2020-06-09 21:22:28,393 [INFO] PluginManager:200 - loadIPPluginJar : add fmc
2020-06-09 21:22:28,409 [INFO] IPUIPlugin:65 - create IPUIPlugin
2020-06-09 21:22:28,409 [INFO] PluginManager:200 - loadIPPluginJar : add freertos
2020-06-09 21:22:28,409 [INFO] IPUIPlugin:65 - create IPUIPlugin
2020-06-09 21:22:28,409 [INFO] PluginManager:200 - loadIPPluginJar : add genericplugin
2020-06-09 21:22:28,409 [INFO] IPUIPlugin:65 - create IPUIPlugin
2020-06-09 21:22:28,409 [INFO] PluginManager:200 - loadIPPluginJar : add gfxmmu
2020-06-09 21:22:28,409 [INFO] IPUIPlugin:65 - create IPUIPlugin
2020-06-09 21:22:28,409 [INFO] PluginManager:200 - loadIPPluginJar : add gic
2020-06-09 21:22:28,409 [INFO] IPUIPlugin:65 - create IPUIPlugin
2020-06-09 21:22:28,409 [INFO] PluginManager:200 - loadIPPluginJar : add gpio
2020-06-09 21:22:28,409 [INFO] IPUIPlugin:65 - create IPUIPlugin
2020-06-09 21:22:28,409 [INFO] PluginManager:200 - loadIPPluginJar : add gtzc
2020-06-09 21:22:28,409 [INFO] IPUIPlugin:65 - create IPUIPlugin
2020-06-09 21:22:28,409 [INFO] PluginManager:200 - loadIPPluginJar : add hash
2020-06-09 21:22:28,409 [INFO] IPUIPlugin:65 - create IPUIPlugin
2020-06-09 21:22:28,409 [INFO] PluginManager:200 - loadIPPluginJar : add i2c
2020-06-09 21:22:28,424 [INFO] IPUIPlugin:65 - create IPUIPlugin
2020-06-09 21:22:28,424 [INFO] PluginManager:200 - loadIPPluginJar : add i2s
2020-06-09 21:22:28,424 [INFO] IPUIPlugin:65 - create IPUIPlugin
2020-06-09 21:22:28,424 [INFO] PluginManager:200 - loadIPPluginJar : add ipddr
2020-06-09 21:22:28,424 [INFO] IPUIPlugin:65 - create IPUIPlugin
2020-06-09 21:22:28,424 [INFO] PluginManager:200 - loadIPPluginJar : add ltdc
2020-06-09 21:22:28,424 [INFO] IPUIPlugin:65 - create IPUIPlugin
2020-06-09 21:22:28,424 [INFO] PluginManager:200 - loadIPPluginJar : add mdma
2020-06-09 21:22:28,424 [INFO] IPUIPlugin:65 - create IPUIPlugin
2020-06-09 21:22:28,424 [INFO] PluginManager:200 - loadIPPluginJar : add nvic
2020-06-09 21:22:28,424 [INFO] IPUIPlugin:65 - create IPUIPlugin
2020-06-09 21:22:28,424 [INFO] PluginManager:200 - loadIPPluginJar : add opamp
2020-06-09 21:22:28,424 [INFO] IPUIPlugin:65 - create IPUIPlugin
2020-06-09 21:22:28,424 [INFO] PluginManager:200 - loadIPPluginJar : add pdm2pcm
2020-06-09 21:22:28,440 [INFO] IPUIPlugin:65 - create IPUIPlugin
2020-06-09 21:22:28,440 [INFO] PluginManager:200 - loadIPPluginJar : add plateformsettings
2020-06-09 21:22:28,440 [INFO] IPUIPlugin:65 - create IPUIPlugin
2020-06-09 21:22:28,440 [INFO] PluginManager:200 - loadIPPluginJar : add quadspi
2020-06-09 21:22:28,440 [INFO] IPUIPlugin:65 - create IPUIPlugin
2020-06-09 21:22:28,440 [INFO] PluginManager:200 - loadIPPluginJar : add resmgrutility
2020-06-09 21:22:28,440 [INFO] IPUIPlugin:65 - create IPUIPlugin
2020-06-09 21:22:28,440 [INFO] PluginManager:200 - loadIPPluginJar : add sai
2020-06-09 21:22:28,440 [INFO] IPUIPlugin:65 - create IPUIPlugin
2020-06-09 21:22:28,440 [INFO] PluginManager:200 - loadIPPluginJar : add spi
2020-06-09 21:22:28,440 [INFO] IPUIPlugin:65 - create IPUIPlugin
2020-06-09 21:22:28,440 [INFO] PluginManager:200 - loadIPPluginJar : add stm32_wpan
2020-06-09 21:22:28,440 [INFO] IPUIPlugin:65 - create IPUIPlugin
2020-06-09 21:22:28,440 [INFO] PluginManager:200 - loadIPPluginJar : add tim
2020-06-09 21:22:28,440 [INFO] IPUIPlugin:65 - create IPUIPlugin
2020-06-09 21:22:28,440 [INFO] PluginManager:200 - loadIPPluginJar : add touchsensing
2020-06-09 21:22:28,456 [INFO] IPUIPlugin:65 - create IPUIPlugin
2020-06-09 21:22:28,456 [INFO] PluginManager:200 - loadIPPluginJar : add tracer_emb
2020-06-09 21:22:28,456 [INFO] IPUIPlugin:65 - create IPUIPlugin
2020-06-09 21:22:28,456 [INFO] PluginManager:200 - loadIPPluginJar : add ts
2020-06-09 21:22:28,456 [INFO] IPUIPlugin:65 - create IPUIPlugin
2020-06-09 21:22:28,456 [INFO] PluginManager:200 - loadIPPluginJar : add tsc
2020-06-09 21:22:28,478 [INFO] IPUIPlugin:65 - create IPUIPlugin
2020-06-09 21:22:28,478 [INFO] PluginManager:200 - loadIPPluginJar : add ucpd
2020-06-09 21:22:28,478 [INFO] IPUIPlugin:65 - create IPUIPlugin
2020-06-09 21:22:28,478 [INFO] PluginManager:200 - loadIPPluginJar : add usart
2020-06-09 21:22:28,963 [INFO] BoardConnectionPanel:3472 - [DDR PANEL] STM32CubeIDE environment
2020-06-09 21:22:28,969 [INFO] MainDdrPanel:103 - [DDR PANEL] GETTER - cubeProgrammerPath is: null
2020-06-09 21:22:29,116 [FATAL] Updater:277 - Updater called before beeing initialized
2020-06-09 21:22:29,263 [FATAL] Updater:277 - Updater called before beeing initialized
2020-06-09 21:22:29,270 [INFO] PinOutPanel:1420 - setPackage(No Configuration,No Configuration)
2020-06-09 21:22:29,270 [FATAL] Updater:277 - Updater called before beeing initialized
2020-06-09 21:22:29,270 [INFO] BoardConnectionPanel:3472 - [DDR PANEL] STM32CubeIDE environment
2020-06-09 21:22:29,270 [INFO] MainDdrPanel:103 - [DDR PANEL] GETTER - cubeProgrammerPath is: C:\ST\STM32CubeIDE_1.3.0\STM32CubeIDE\plugins\com.st.stm32cube.ide.mcu.externaltools.cubeprogrammer.win32_1.3.0.202002181050\tools\bin
2020-06-09 21:22:29,270 [INFO] ProgrammerExecThread:148 - [ProgrammerAPI] CubeProgrammer command construction: C:\ST\STM32CubeIDE_1.3.0\STM32CubeIDE\plugins\com.st.stm32cube.ide.mcu.externaltools.cubeprogrammer.win32_1.3.0.202002181050\tools\bin\STM32_Programmer_CLI.exe -l
2020-06-09 21:22:29,386 [INFO] MainDdrPanel:93 - [DDR PANEL] SETTER - Set cubeProgrammerPath to: C:\ST\STM32CubeIDE_1.3.0\STM32CubeIDE\plugins\com.st.stm32cube.ide.mcu.externaltools.cubeprogrammer.win32_1.3.0.202002181050\tools\bin
2020-06-09 21:22:29,386 [INFO] Updater:886 - Updater Version found : 5.6.1
2020-06-09 21:22:29,419 [INFO] ApplicationProperties:181 - Using Application install path: C:\ST\STM32CubeIDE_1.3.0\STM32CubeIDE\plugins\com.st.stm32cube.common.mx_5.6.1.202004052303
2020-06-09 21:22:29,550 [INFO] MainUpdater:2230 - connection check result : 10
2020-06-09 21:22:29,550 [INFO] MainUpdater:236 - Updater Check For Update Now.
2020-06-09 21:22:29,550 [INFO] MicroXplorer:420 - Change Database Version : DB.5.0.60
2020-06-09 21:22:29,586 [INFO] CheckServerUpdateThread:92 - End of CheckServer Thread
2020-06-09 21:22:29,766 [INFO] MainUpdater:2230 - connection check result : 10
2020-06-09 21:22:29,766 [INFO] LogOutputStream:76 - [STDOUT_REDIRECT] Successfull proxy connection.
2020-06-09 21:22:29,845 [INFO] McuFinderGlobals:40 - Set McuFinder mode to 2 (CubeIDE integrated)
2020-06-09 21:22:29,861 [INFO] FinderPluginLoader:86 - Searching for filters in installed packs
2020-06-09 21:22:29,861 [INFO] DbMcusXml:110 - Load MCU database from C:\ST\STM32CubeIDE_1.3.0\STM32CubeIDE\plugins\com.st.stm32cube.common.mx_5.6.1.202004052303\\db\/mcu/families.xml
2020-06-09 21:22:30,387 [INFO] DbMcusJson:90 - JSON generation date=Wed Jun 03 17:10:31 CEST 2020 (1591197031)
2020-06-09 21:22:31,003 [INFO] DbMcus:171 - Found 1670 MCUs (1625 are supported by CubeMX, 1625 are visible in CubeMX)
2020-06-09 21:22:31,003 [INFO] ApiDb:158 - Load user favorites file C:\Users\bouyo/.stm32cubeide/favorites.mcus.txt: 1 item(s)
2020-06-09 21:22:31,003 [INFO] ApiDb:163 - User favorites MCUs=[STM32F407VETx]
2020-06-09 21:22:31,003 [INFO] DbMcus:183 - Set 1 / 1 favorites MCUs
2020-06-09 21:22:31,258 [INFO] ThirdPartyDb:261 - Close Third Party DataBase File (C:/Users/bouyo/.stm32cubemx/plugins/thirdparty/db/thirdparties_db.xml)
2020-06-09 21:22:31,320 [INFO] IntegrityCheckThread:98 - End integrity checks thread
2020-06-09 21:22:31,637 [INFO] DbMcusAds:143 - JSON generation date=Thu Apr 30 15:50:56 CEST 2020 (1588254656)
2020-06-09 21:22:31,637 [INFO] LoadUrlFilesThread:161 - End of LoadServerUrlFiles without Thread
2020-06-09 21:22:31,642 [INFO] McuDetailPanel:181 - Set advertising image to C:/Users/bouyo/STM32Cube/Repository/\PR_STM32Cube_GitHub_0320_V1.png
2020-06-09 21:22:31,906 [INFO] McuFilterPanel:249 - Update 1 favorites MCUs
2020-06-09 21:22:32,025 [INFO] DbBoardsPdsc:92 - Found 22 items
2020-06-09 21:22:32,025 [INFO] DbBoardsPdsc:92 - Found 9 items
2020-06-09 21:22:32,025 [INFO] DbBoardsPdsc:92 - Found 28 items
2020-06-09 21:22:32,025 [INFO] DbBoardsPdsc:92 - Found 1 items
2020-06-09 21:22:32,033 [INFO] DbBoardsPdsc:92 - Found 40 items
2020-06-09 21:22:32,035 [INFO] DbBoardsPdsc:92 - Found 39 items
2020-06-09 21:22:32,035 [INFO] DbBoardsPdsc:92 - Found 2 items
2020-06-09 21:22:32,035 [INFO] DbBoardsPdsc:92 - Found 4 items
2020-06-09 21:22:32,043 [WARN] DbBoardsPdsc:256 - Board STM32H7B3I-DK: unknown feature type=Audio, name=, username=Audio stereo codec with Headphone Amp (CS42L51-CNZ), n=1
2020-06-09 21:22:32,043 [WARN] DbBoardsPdsc:256 - Board STM32H7B3I-DK: unknown feature type=WIFI, name=, username=WIFI 802.11 b/g/n, n=1
2020-06-09 21:22:32,045 [WARN] DbBoardsPdsc:256 - Board STM32H7B3I-EVAL: unknown feature type=Audio, name=, username=Multi-Channel Audio Codec (CS42L51-CNZ), n=1
2020-06-09 21:22:32,045 [WARN] DbBoardsPdsc:256 - Board STM32H7B3I-EVAL: unknown feature type=Meter, name=, username=Power-metering and Temperature-monitoring with sigma-delta modulators, n=1
2020-06-09 21:22:32,045 [WARN] DbBoardsPdsc:256 - Board STM32H7B3I-EVAL: unknown feature type=WIFI, name=, username=WIFI 802.11 a/b/g/n, n=1
2020-06-09 21:22:32,045 [WARN] DbBoardsPdsc:256 - Board STM32H7B3I-EVAL: unknown feature type=Motor, name=, username=Motor Control, n=1
2020-06-09 21:22:32,076 [INFO] DbBoardsJson:80 - JSON generation date=Wed May 20 13:36:55 CEST 2020 (1589974615)
2020-06-09 21:22:32,084 [INFO] DbBoards:120 - Found 145 boards (142 are supported by CubeMX)
2020-06-09 21:22:32,094 [INFO] DbBoardsDocs:131 - JSON generation date=Wed Jun 03 17:10:31 CEST 2020 (1591197031)
2020-06-09 21:22:32,116 [INFO] DbBoardsDocs:70 - Found 183 boards documents
2020-06-09 21:22:32,116 [WARN] DbBoards:130 - board NUCLEO-H743ZI2 has no document id list !
2020-06-09 21:22:32,116 [WARN] DbBoards:130 - board P-NUCLEO-WB55-Nucleo has no document id list !
2020-06-09 21:22:32,116 [WARN] DbBoards:130 - board P-NUCLEO-WB55-USBDongle has no document id list !
2020-06-09 21:22:32,116 [WARN] DbBoards:130 - board NUCLEO-WB35CE has no document id list !
2020-06-09 21:22:32,116 [WARN] DbBoards:130 - board STM32F401C-DISCO has no document id list !
2020-06-09 21:22:32,116 [WARN] DbBoards:130 - board STM32F769I-DISC1 has no document id list !
2020-06-09 21:22:32,116 [WARN] DbBoards:130 - board STM32L-DISCOVERY has no document id list !
2020-06-09 21:22:32,116 [WARN] DbBoards:130 - board STM32H747I-DISC1 has no document id list !
2020-06-09 21:22:32,116 [WARN] DbBoards:130 - board STM32MP157A-DK1 has no document id list !
2020-06-09 21:22:32,116 [WARN] DbBoards:130 - board STM32H743I-EVAL2 has no document id list !
2020-06-09 21:22:32,116 [WARN] DbBoards:130 - board STM32H753I-EVAL2 has no document id list !
2020-06-09 21:22:32,116 [WARN] DbBoards:130 - board STM32G474E-EVAL1 has no document id list !
2020-06-09 21:22:32,116 [WARN] DbBoards:130 - board STEVAL-BFA001V1B has no document id list !
2020-06-09 21:22:32,116 [WARN] DbBoards:130 - board STEVAL-BFA001V2B has no document id list !
2020-06-09 21:22:32,116 [WARN] DbBoards:130 - board STEVAL-MKSBOX1V1 has no document id list !
2020-06-09 21:22:32,116 [WARN] DbBoards:130 - board STEVAL-STWINKT1 has no document id list !
2020-06-09 21:22:32,124 [WARN] DbBoards:130 - board STEVAL-IDP005V1 has no document id list !
2020-06-09 21:22:32,124 [WARN] DbBoards:130 - board STEVAL-IDP005V2 has no document id list !
2020-06-09 21:22:33,169 [INFO] ApiDb:158 - Load user favorites file C:\Users\bouyo/.stm32cubeide/favorites.boards.txt: 1 item(s)
2020-06-09 21:22:33,169 [INFO] ApiDb:163 - User favorites Boards=[STM32F407G-DISC1]
2020-06-09 21:22:33,171 [INFO] DbBoards:209 - Set 1 / 1 favorites Boards
2020-06-09 21:22:33,221 [INFO] LoadUrlFilesThread:161 - End of LoadServerUrlFiles without Thread
2020-06-09 21:22:33,221 [INFO] BoardDetailPanel:180 - Set advertising image to C:/Users/bouyo/STM32Cube/Repository/\PR_STM32Cube_GitHub_0320_V1.png
2020-06-09 21:22:33,231 [INFO] BoardFilterPanel:211 - Update 1 favorites Boards
2020-06-09 21:22:33,392 [INFO] CrossSelectorPresenter:1319 - Cross Selector saved comparison directory: C:\Users\bouyo\.stmcufinder\plugins\mcufinder\mcu\cs_comparisons_mx
2020-06-09 21:23:57,899 [INFO] DbMcusDocs:142 - JSON generation date=Wed Jun 03 17:10:31 CEST 2020 (1591197031)
2020-06-09 21:23:57,982 [INFO] DbMcusDocs:77 - Found 580 MCUs documents
2020-06-09 21:24:00,958 [INFO] McuResultTable:750 - Mark MCU STM32F103RETx as favorite
2020-06-09 21:24:22,454 [INFO] LogOutputStream:76 - [STDOUT_REDIRECT] withoutVersionV1.8.0
2020-06-09 21:24:22,908 [INFO] LogOutputStream:76 - [STDOUT_REDIRECT] File copied successfully!!
2020-06-09 21:24:24,605 [INFO] MainUpdater:2230 - connection check result : 10
2020-06-09 21:24:24,643 [INFO] MicroXplorer:390 - Change Database Path : 
2020-06-09 21:24:24,643 [INFO] MicroXplorer:420 - Change Database Version : DB.5.0.60
2020-06-09 21:24:24,643 [INFO] PinOutPanel:1420 - setPackage(No Configuration,No Configuration)
2020-06-09 21:24:24,643 [INFO] UtilMem:74 - Begin LoadConfig() Used Memory: 253758176 Bytes (445644800)
2020-06-09 21:24:24,643 [INFO] MicroXplorer:390 - Change Database Path : 
2020-06-09 21:24:24,643 [INFO] MicroXplorer:420 - Change Database Version : DB.5.0.60
2020-06-09 21:24:24,643 [INFO] OpenFileManager:274 - Change cursor
2020-06-09 21:24:25,789 [INFO] ImportTextPane:162 - (OptionalMessage_ERROR) Unable to find key (Mcu.ThirdPartyNb) in loaded IOC file
2020-06-09 21:24:25,789 [INFO] ImportTextPane:162 - (OptionalMessage_ERROR) Unable to find key (Mcu.PinsNb) in loaded IOC file
2020-06-09 21:24:25,789 [INFO] ImportTextPane:162 - (OptionalMessage_ERROR) Unable to find key (Mcu.IPNb) in loaded IOC file
2020-06-09 21:24:25,960 [INFO] UtilMem:74 - End LoadConfig() Used Memory: 306358896 Bytes (445644800)
2020-06-09 21:24:25,978 [INFO] ThirdPartyDb:295 - Open Third Party DataBase File (C:/Users/bouyo/.stm32cubemx/plugins/thirdparty/db/thirdparties_db.xml) : 8 ms. number of Sw pack : 13
2020-06-09 21:24:26,030 [INFO] DependencyParser:785 - This component is not compatible with the current MCU : [1582750732469]
2020-06-09 21:24:26,030 [INFO] ThirdPartyModel:521 - Component with status : MCU_INCOMPATIBLE for condition : OS Tick GTIM id : 1582750731796
2020-06-09 21:24:26,030 [INFO] DependencyParser:785 - This component is not compatible with the current MCU : [1582750735045, 1582750732552]
2020-06-09 21:24:26,161 [INFO] ThirdParty:899 - CMSIS Pack Vendor :STMicroelectronics X-CUBE-BLE1 5.0.0
2020-06-09 21:24:26,161 [INFO] ThirdParty:899 - CMSIS Pack Vendor :STMicroelectronics X-CUBE-SUBG2 1.1.0
2020-06-09 21:24:26,161 [INFO] ThirdParty:899 - CMSIS Pack Vendor :STMicroelectronics X-CUBE-GNSS1 4.1.0
2020-06-09 21:24:26,161 [INFO] ThirdParty:899 - CMSIS Pack Vendor :STMicroelectronics X-CUBE-MEMS1 7.0.0
2020-06-09 21:24:26,161 [INFO] ThirdParty:899 - CMSIS Pack Vendor :ARM CMSIS 5.6.0
2020-06-09 21:24:26,161 [INFO] ThirdParty:899 - CMSIS Pack Vendor :STMicroelectronics X-CUBE-NFC4 1.5.2
2020-06-09 21:24:26,161 [INFO] ThirdParty:899 - CMSIS Pack Vendor :STMicroelectronics FreeRTOS 0.0.1
2020-06-09 21:24:26,161 [INFO] ThirdParty:899 - CMSIS Pack Vendor :STMicroelectronics X-CUBE-MEMS1 7.1.0
2020-06-09 21:24:26,161 [INFO] ThirdParty:899 - CMSIS Pack Vendor :STMicroelectronics X-CUBE-ALGOBUILD 1.0.0
2020-06-09 21:24:26,161 [INFO] ThirdParty:899 - CMSIS Pack Vendor :STMicroelectronics X-CUBE-MEMS1 7.2.0
2020-06-09 21:24:26,161 [INFO] ThirdParty:899 - CMSIS Pack Vendor :STMicroelectronics X-CUBE-BLE2 1.0.0
2020-06-09 21:24:26,322 [INFO] PinOutPanel:1420 - setPackage(No Configuration,No Configuration)
2020-06-09 21:24:26,322 [INFO] PinOutPanel:1420 - setPackage(STM32F103RETx,LQFP64)
2020-06-09 21:24:26,682 [INFO] UtilMem:74 - Before build in PCC Used Memory: 277713448 Bytes (445644800)
2020-06-09 21:24:26,987 [INFO] SharedServices:71 - Folder for power plug-in: C:/Users/bouyo/.stm32cubemx/plugins/power
2020-06-09 21:24:27,009 [INFO] SharedServices:71 - Folder for power plug-in: C:/Users/bouyo/.stm32cubemx/plugins/power
2020-06-09 21:24:27,040 [INFO] SharedServices:71 - Folder for power plug-in: C:/Users/bouyo/.stm32cubemx/plugins/power
2020-06-09 21:24:27,056 [INFO] SharedServices:71 - Folder for power plug-in: C:/Users/bouyo/.stm32cubemx/plugins/power
2020-06-09 21:24:27,206 [INFO] UtilMem:74 - After build in PCC Used Memory: 334858800 Bytes (445644800)
2020-06-09 21:24:27,226 [INFO] IPUIPlugin:65 - create IPUIPlugin
2020-06-09 21:24:27,226 [INFO] IPUIPlugin:65 - create IPUIPlugin
2020-06-09 21:24:27,226 [INFO] IPUIPlugin:65 - create IPUIPlugin
2020-06-09 21:24:27,226 [INFO] IPUIPlugin:65 - create IPUIPlugin
2020-06-09 21:24:27,226 [INFO] IPUIPlugin:65 - create IPUIPlugin
2020-06-09 21:24:27,226 [INFO] IPUIPlugin:65 - create IPUIPlugin
2020-06-09 21:24:27,226 [INFO] IPUIPlugin:65 - create IPUIPlugin
2020-06-09 21:24:27,226 [INFO] IPUIPlugin:65 - create IPUIPlugin
2020-06-09 21:24:27,226 [INFO] IPUIPlugin:65 - create IPUIPlugin
2020-06-09 21:24:27,226 [INFO] IPUIPlugin:65 - create IPUIPlugin
2020-06-09 21:24:27,226 [INFO] IPUIPlugin:65 - create IPUIPlugin
2020-06-09 21:24:27,226 [INFO] IPUIPlugin:65 - create IPUIPlugin
2020-06-09 21:24:27,226 [INFO] IPUIPlugin:65 - create IPUIPlugin
2020-06-09 21:24:27,226 [INFO] IPUIPlugin:65 - create IPUIPlugin
2020-06-09 21:24:27,226 [INFO] IPUIPlugin:65 - create IPUIPlugin
2020-06-09 21:24:27,226 [INFO] IPUIPlugin:65 - create IPUIPlugin
2020-06-09 21:24:27,226 [INFO] IPUIPlugin:65 - create IPUIPlugin
2020-06-09 21:24:27,226 [INFO] IPUIPlugin:65 - create IPUIPlugin
2020-06-09 21:24:27,226 [INFO] IPUIPlugin:65 - create IPUIPlugin
2020-06-09 21:24:27,226 [INFO] IPUIPlugin:65 - create IPUIPlugin
2020-06-09 21:24:27,226 [INFO] IPUIPlugin:65 - create IPUIPlugin
2020-06-09 21:24:27,226 [INFO] IPUIPlugin:65 - create IPUIPlugin
2020-06-09 21:24:27,226 [INFO] IPUIPlugin:65 - create IPUIPlugin
2020-06-09 21:24:27,226 [INFO] IPUIPlugin:65 - create IPUIPlugin
2020-06-09 21:24:27,226 [INFO] IPUIPlugin:65 - create IPUIPlugin
2020-06-09 21:24:27,226 [INFO] IPUIPlugin:65 - create IPUIPlugin
2020-06-09 21:24:27,226 [INFO] IPUIPlugin:65 - create IPUIPlugin
2020-06-09 21:24:27,226 [INFO] IPUIPlugin:65 - create IPUIPlugin
2020-06-09 21:24:27,226 [INFO] IPUIPlugin:65 - create IPUIPlugin
2020-06-09 21:24:27,226 [INFO] IPUIPlugin:65 - create IPUIPlugin
2020-06-09 21:24:27,226 [INFO] IPUIPlugin:65 - create IPUIPlugin
2020-06-09 21:24:27,226 [INFO] IPUIPlugin:65 - create IPUIPlugin
2020-06-09 21:24:27,226 [INFO] IPUIPlugin:65 - create IPUIPlugin
2020-06-09 21:24:27,226 [INFO] IPUIPlugin:65 - create IPUIPlugin
2020-06-09 21:24:27,226 [INFO] IPUIPlugin:65 - create IPUIPlugin
2020-06-09 21:24:27,226 [INFO] IPUIPlugin:65 - create IPUIPlugin
2020-06-09 21:24:27,226 [INFO] IPUIPlugin:65 - create IPUIPlugin
2020-06-09 21:24:27,226 [INFO] IPUIPlugin:65 - create IPUIPlugin
2020-06-09 21:24:27,226 [INFO] IPUIPlugin:65 - create IPUIPlugin
2020-06-09 21:24:27,247 [INFO] LogOutputStream:76 - [STDOUT_REDIRECT] toolchainItems.length=====1
2020-06-09 21:24:27,335 [INFO] OpenFileManager:294 - Restore cursor
2020-06-09 21:24:27,516 [INFO] UtilMem:74 - End SaveConfig() Used Memory: 367797032 Bytes (445644800)
2020-06-09 21:24:27,579 [INFO] UtilMem:74 - End SaveConfig() Used Memory: 275608832 Bytes (445644800)
2020-06-09 21:24:27,911 [INFO] BlockDiagram:2671 - set Specific Code input for plugin: NVIC
2020-06-09 21:24:27,911 [INFO] BlockDiagram:2671 - set Specific Code input for plugin: SYS
2020-06-09 21:24:27,911 [INFO] CodeGenerator:603 - code generatio: config db path: C:\ST\STM32CubeIDE_1.3.0\STM32CubeIDE\plugins\com.st.stm32cube.common.mx_5.6.1.202004052303\\db\
2020-06-09 21:24:28,213 [INFO] CodeEngine:188 - oldGeneratedFile, D:\Projects\STM32F103RE\F103RE_LEDS\MXTmpFiles\license.tmp_save
2020-06-09 21:24:28,505 [INFO] CodeEngine:206 - Generated code: D:\Projects\STM32F103RE\F103RE_LEDS\MXTmpFiles\license.tmp
2020-06-09 21:24:28,616 [INFO] LogOutputStream:76 - [STDOUT_REDIRECT] Debug : prepare data for NVIC
2020-06-09 21:24:28,616 [INFO] LogOutputStream:76 - [STDOUT_REDIRECT] Command line test
2020-06-09 21:24:28,646 [INFO] CodeEngine:188 - oldGeneratedFile, D:\Projects\STM32F103RE\F103RE_LEDS\Core\Src\stm32f1xx_it.c_save
2020-06-09 21:24:28,767 [INFO] CodeEngine:206 - Generated code: D:\Projects\STM32F103RE\F103RE_LEDS\Core\Src\stm32f1xx_it.c
2020-06-09 21:24:28,795 [INFO] CodeEngine:188 - oldGeneratedFile, D:\Projects\STM32F103RE\F103RE_LEDS\Core\Inc\stm32f1xx_it.h_save
2020-06-09 21:24:28,858 [INFO] CodeEngine:206 - Generated code: D:\Projects\STM32F103RE\F103RE_LEDS\Core\Inc\stm32f1xx_it.h
2020-06-09 21:24:28,888 [INFO] CodeEngine:188 - oldGeneratedFile, D:\Projects\STM32F103RE\F103RE_LEDS\Core\Src\stm32f1xx_hal_msp.c_save
2020-06-09 21:24:29,019 [INFO] CodeEngine:206 - Generated code: D:\Projects\STM32F103RE\F103RE_LEDS\Core\Src\stm32f1xx_hal_msp.c
2020-06-09 21:24:29,049 [INFO] CodeEngine:188 - oldGeneratedFile, D:\Projects\STM32F103RE\F103RE_LEDS\MXTmpFiles\system.tmp_save
2020-06-09 21:24:29,110 [INFO] CodeEngine:206 - Generated code: D:\Projects\STM32F103RE\F103RE_LEDS\MXTmpFiles\system.tmp
2020-06-09 21:24:29,140 [INFO] CodeEngine:188 - oldGeneratedFile, D:\Projects\STM32F103RE\F103RE_LEDS\Core\Inc\stm32f1xx_hal_conf.h_save
2020-06-09 21:24:29,221 [INFO] CodeEngine:206 - Generated code: D:\Projects\STM32F103RE\F103RE_LEDS\Core\Inc\stm32f1xx_hal_conf.h
2020-06-09 21:24:29,271 [INFO] CodeEngine:188 - oldGeneratedFile, D:\Projects\STM32F103RE\F103RE_LEDS\Core\Inc\main.h_save
2020-06-09 21:24:29,431 [INFO] CodeEngine:206 - Generated code: D:\Projects\STM32F103RE\F103RE_LEDS\Core\Inc\main.h
2020-06-09 21:24:29,453 [INFO] CodeEngine:188 - oldGeneratedFile, D:\Projects\STM32F103RE\F103RE_LEDS\Core\Src\main.c_save
2020-06-09 21:24:29,554 [INFO] CodeEngine:206 - Generated code: D:\Projects\STM32F103RE\F103RE_LEDS\Core\Src\main.c
2020-06-09 21:24:30,159 [INFO] ProjectBuilder:2002 - Time for Copy HAL[1] : 81mS.
2020-06-09 21:24:30,159 [INFO] ProjectBuilder:2727 - Project Generator version: 3.7.1
2020-06-09 21:24:30,499 [INFO] ConfigFileManager:1066 - The Die is : DIE414
2020-06-09 21:24:33,159 [INFO] ProjectBuilder:2894 - Time for Generating toolchain IDE Files: 3000mS.
2020-06-09 21:24:33,159 [INFO] ProjectBuilder:1878 - Time for Copy CMSIS : 0mS.
2020-06-09 21:24:33,159 [INFO] ProjectBuilder:1878 - Time for Copy CMSIS : 0mS.
2020-06-09 21:24:59,065 [INFO] UtilMem:74 - End SaveConfig() Used Memory: 493325824 Bytes (990904320)
2020-06-09 21:24:59,172 [INFO] UtilMem:74 - End SaveConfig() Used Memory: 509904456 Bytes (990904320)
2020-06-09 21:24:59,303 [INFO] BlockDiagram:2671 - set Specific Code input for plugin: NVIC
2020-06-09 21:24:59,303 [INFO] BlockDiagram:2671 - set Specific Code input for plugin: SYS
2020-06-09 21:24:59,303 [INFO] BlockDiagram:2671 - set Specific Code input for plugin: GPIO
2020-06-09 21:24:59,303 [INFO] CodeGenerator:603 - code generatio: config db path: C:\ST\STM32CubeIDE_1.3.0\STM32CubeIDE\plugins\com.st.stm32cube.common.mx_5.6.1.202004052303\\db\
2020-06-09 21:24:59,475 [INFO] CodeEngine:188 - oldGeneratedFile, D:\Projects\STM32F103RE\F103RE_LEDS\MXTmpFiles\license.tmp_save
2020-06-09 21:24:59,525 [INFO] CodeEngine:206 - Generated code: D:\Projects\STM32F103RE\F103RE_LEDS\MXTmpFiles\license.tmp
2020-06-09 21:24:59,576 [INFO] CodeEngine:188 - oldGeneratedFile, D:\Projects\STM32F103RE\F103RE_LEDS\MXTmpFiles\gpio.tmp_save
2020-06-09 21:24:59,636 [INFO] CodeEngine:206 - Generated code: D:\Projects\STM32F103RE\F103RE_LEDS\MXTmpFiles\gpio.tmp
2020-06-09 21:24:59,636 [INFO] LogOutputStream:76 - [STDOUT_REDIRECT] Debug : prepare data for NVIC
2020-06-09 21:24:59,644 [INFO] LogOutputStream:76 - [STDOUT_REDIRECT] Command line test
2020-06-09 21:24:59,677 [INFO] CodeEngine:188 - oldGeneratedFile, D:\Projects\STM32F103RE\F103RE_LEDS\Core\Src\stm32f1xx_it.c_save
2020-06-09 21:24:59,758 [INFO] CodeEngine:206 - Generated code: D:\Projects\STM32F103RE\F103RE_LEDS\Core\Src\stm32f1xx_it.c
2020-06-09 21:24:59,788 [INFO] CodeEngine:188 - oldGeneratedFile, D:\Projects\STM32F103RE\F103RE_LEDS\Core\Inc\stm32f1xx_it.h_save
2020-06-09 21:24:59,838 [INFO] CodeEngine:206 - Generated code: D:\Projects\STM32F103RE\F103RE_LEDS\Core\Inc\stm32f1xx_it.h
2020-06-09 21:24:59,868 [INFO] CodeEngine:188 - oldGeneratedFile, D:\Projects\STM32F103RE\F103RE_LEDS\Core\Src\stm32f1xx_hal_msp.c_save
2020-06-09 21:24:59,959 [INFO] CodeEngine:206 - Generated code: D:\Projects\STM32F103RE\F103RE_LEDS\Core\Src\stm32f1xx_hal_msp.c
2020-06-09 21:24:59,979 [INFO] CodeEngine:188 - oldGeneratedFile, D:\Projects\STM32F103RE\F103RE_LEDS\MXTmpFiles\system.tmp_save
2020-06-09 21:25:00,030 [INFO] CodeEngine:206 - Generated code: D:\Projects\STM32F103RE\F103RE_LEDS\MXTmpFiles\system.tmp
2020-06-09 21:25:00,060 [INFO] CodeEngine:188 - oldGeneratedFile, D:\Projects\STM32F103RE\F103RE_LEDS\Core\Inc\stm32f1xx_hal_conf.h_save
2020-06-09 21:25:00,139 [INFO] CodeEngine:206 - Generated code: D:\Projects\STM32F103RE\F103RE_LEDS\Core\Inc\stm32f1xx_hal_conf.h
2020-06-09 21:25:00,139 [WARN] IPConfigManager:2701 - IP not found : gpio
2020-06-09 21:25:00,139 [WARN] CodeGenerator:2649 - IP not found : gpio
2020-06-09 21:25:00,171 [INFO] CodeEngine:188 - oldGeneratedFile, D:\Projects\STM32F103RE\F103RE_LEDS\Core\Inc\main.h_save
2020-06-09 21:25:00,220 [INFO] CodeEngine:206 - Generated code: D:\Projects\STM32F103RE\F103RE_LEDS\Core\Inc\main.h
2020-06-09 21:25:00,245 [INFO] CodeEngine:188 - oldGeneratedFile, D:\Projects\STM32F103RE\F103RE_LEDS\Core\Src\main.c_save
2020-06-09 21:25:00,330 [INFO] CodeEngine:206 - Generated code: D:\Projects\STM32F103RE\F103RE_LEDS\Core\Src\main.c
2020-06-09 21:25:00,765 [INFO] ProjectBuilder:2002 - Time for Copy HAL[1] : 63mS.
2020-06-09 21:25:00,765 [INFO] ProjectBuilder:2727 - Project Generator version: 3.7.1
2020-06-09 21:25:00,927 [INFO] ConfigFileManager:1066 - The Die is : DIE414
2020-06-09 21:25:01,864 [INFO] ProjectBuilder:2894 - Time for Generating toolchain IDE Files: 1099mS.
2020-06-09 21:25:01,864 [INFO] ProjectBuilder:1878 - Time for Copy CMSIS : 0mS.
2020-06-09 21:25:01,874 [INFO] ProjectBuilder:1878 - Time for Copy CMSIS : 0mS.
